{"level":"error","message":"Sun Jul 14 2024 14:11:31 GMT+0700 (Western Indonesia Time) - {}","private":true,"timestamp":"2024-07-14T07:11:31.609Z"}
{"level":"error","message":"Sun Jul 14 2024 14:18:08 GMT+0700 (Western Indonesia Time) - {}","private":true,"timestamp":"2024-07-14T07:18:08.554Z"}
{"level":"error","message":"Sun Jul 14 2024 14:20:03 GMT+0700 (Western Indonesia Time) - {}","private":true,"timestamp":"2024-07-14T07:20:03.187Z"}
{"level":"error","message":"Sun Jul 14 2024 14:20:46 GMT+0700 (Western Indonesia Time) - {}","private":true,"timestamp":"2024-07-14T07:20:46.465Z"}
{"level":"error","message":"Sun Jul 14 2024 14:20:57 GMT+0700 (Western Indonesia Time) - {}","private":true,"timestamp":"2024-07-14T07:20:57.577Z"}
{"level":"error","message":"Sun Jul 14 2024 14:21:38 GMT+0700 (Western Indonesia Time) - {}","private":true,"timestamp":"2024-07-14T07:21:38.697Z"}
{"level":"error","message":"Sun Jul 14 2024 14:22:29 GMT+0700 (Western Indonesia Time) - {}","private":true,"timestamp":"2024-07-14T07:22:29.801Z"}
{"level":"error","message":"Sun Jul 14 2024 14:22:29 GMT+0700 (Western Indonesia Time) - {\"code\":\"ERR_HTTP_INVALID_STATUS_CODE\"}","private":true,"timestamp":"2024-07-14T07:22:29.809Z"}
{"level":"error","message":"Sun Jul 14 2024 14:23:16 GMT+0700 (Western Indonesia Time) - {}","private":true,"timestamp":"2024-07-14T07:23:16.259Z"}
{"level":"error","message":"Sun Jul 14 2024 14:23:16 GMT+0700 (Western Indonesia Time) - {\"code\":\"ERR_HTTP_INVALID_STATUS_CODE\"}","private":true,"timestamp":"2024-07-14T07:23:16.267Z"}
{"level":"error","message":"Sun Jul 14 2024 14:25:11 GMT+0700 (Western Indonesia Time) - {\"name\":\"Data not found\",\"statusCode\":500,\"isOperational\":true}","private":true,"timestamp":"2024-07-14T07:25:11.702Z"}
{"level":"error","message":"Sun Jul 14 2024 14:25:25 GMT+0700 (Western Indonesia Time) - {\"name\":\"Data not found\",\"statusCode\":500,\"isOperational\":true}","private":true,"timestamp":"2024-07-14T07:25:25.374Z"}
{"level":"error","message":"Sun Jul 14 2024 14:28:54 GMT+0700 (Western Indonesia Time) - {}","private":true,"timestamp":"2024-07-14T07:28:54.447Z"}
{"level":"error","message":"Sun Jul 14 2024 14:29:00 GMT+0700 (Western Indonesia Time) - {\"name\":\"Data not found\",\"statusCode\":500,\"isOperational\":true}","private":true,"timestamp":"2024-07-14T07:29:00.045Z"}
{"level":"error","message":"Sun Jul 14 2024 14:30:29 GMT+0700 (Western Indonesia Time) - {\"name\":\"Data not found\",\"statusCode\":500,\"isOperational\":true}","private":true,"timestamp":"2024-07-14T07:30:29.875Z"}
{"level":"error","message":"Sun Jul 14 2024 14:32:21 GMT+0700 (Western Indonesia Time) - {\"name\":\"Data not found\",\"statusCode\":500,\"isOperational\":true}","private":true,"timestamp":"2024-07-14T07:32:21.006Z"}
{"level":"error","message":"Sun Jul 14 2024 14:32:21 GMT+0700 (Western Indonesia Time) - {\"name\":\"Data not found\",\"statusCode\":500,\"isOperational\":true}","private":true,"timestamp":"2024-07-14T07:32:21.838Z"}
{"level":"error","message":"Sun Jul 14 2024 14:32:22 GMT+0700 (Western Indonesia Time) - {\"name\":\"Data not found\",\"statusCode\":500,\"isOperational\":true}","private":true,"timestamp":"2024-07-14T07:32:22.462Z"}
{"level":"error","message":"Sun Jul 14 2024 14:32:58 GMT+0700 (Western Indonesia Time) - {}","private":true,"timestamp":"2024-07-14T07:32:58.971Z"}
{"level":"error","message":"Sun Jul 14 2024 14:33:05 GMT+0700 (Western Indonesia Time) - {}","private":true,"timestamp":"2024-07-14T07:33:05.696Z"}
{"level":"error","message":"Sun Jul 14 2024 14:34:21 GMT+0700 (Western Indonesia Time) - {\"name\":\"Data not found\",\"statusCode\":500,\"isOperational\":true}","private":true,"timestamp":"2024-07-14T07:34:21.305Z"}
{"level":"error","message":"Sun Jul 14 2024 14:34:31 GMT+0700 (Western Indonesia Time) - {\"name\":\"Data not found\",\"statusCode\":500,\"isOperational\":true}","private":true,"timestamp":"2024-07-14T07:34:31.949Z"}
{"level":"error","message":"Sun Jul 14 2024 14:34:54 GMT+0700 (Western Indonesia Time) - {\"name\":\"Data not found\",\"statusCode\":500,\"isOperational\":true}","private":true,"timestamp":"2024-07-14T07:34:54.599Z"}
{"level":"error","message":"Sun Jul 14 2024 14:34:55 GMT+0700 (Western Indonesia Time) - {\"name\":\"Data not found\",\"statusCode\":500,\"isOperational\":true}","private":true,"timestamp":"2024-07-14T07:34:55.388Z"}
{"level":"error","message":"Sun Jul 14 2024 14:34:56 GMT+0700 (Western Indonesia Time) - {\"name\":\"Data not found\",\"statusCode\":500,\"isOperational\":true}","private":true,"timestamp":"2024-07-14T07:34:56.279Z"}
{"level":"error","message":"Sun Jul 14 2024 14:36:13 GMT+0700 (Western Indonesia Time) - {\"name\":\"Data not found\",\"statusCode\":500,\"isOperational\":true}","private":true,"timestamp":"2024-07-14T07:36:13.327Z"}
{"level":"error","message":"Sun Jul 14 2024 14:36:14 GMT+0700 (Western Indonesia Time) - {\"name\":\"Data not found\",\"statusCode\":500,\"isOperational\":true}","private":true,"timestamp":"2024-07-14T07:36:14.054Z"}
{"level":"error","message":"Sun Jul 14 2024 14:36:14 GMT+0700 (Western Indonesia Time) - {\"name\":\"Data not found\",\"statusCode\":500,\"isOperational\":true}","private":true,"timestamp":"2024-07-14T07:36:14.664Z"}
{"level":"error","message":"Sun Jul 14 2024 14:39:59 GMT+0700 (Western Indonesia Time) - {}","private":true,"timestamp":"2024-07-14T07:39:59.370Z"}
{"level":"error","message":"Sun Jul 14 2024 14:40:13 GMT+0700 (Western Indonesia Time) - {}","private":true,"timestamp":"2024-07-14T07:40:13.636Z"}
{"level":"error","message":"Sun Jul 14 2024 14:41:22 GMT+0700 (Western Indonesia Time) - {}","private":true,"timestamp":"2024-07-14T07:41:22.090Z"}
{"level":"error","message":"Sun Jul 14 2024 14:41:27 GMT+0700 (Western Indonesia Time) - {}","private":true,"timestamp":"2024-07-14T07:41:27.175Z"}
{"level":"error","message":"Sun Jul 14 2024 14:42:38 GMT+0700 (Western Indonesia Time) - {}","private":true,"timestamp":"2024-07-14T07:42:38.227Z"}
{"level":"error","message":"Sun Jul 14 2024 14:44:40 GMT+0700 (Western Indonesia Time) - {}","private":true,"timestamp":"2024-07-14T07:44:40.732Z"}
{"level":"error","message":"Sun Jul 14 2024 14:51:05 GMT+0700 (Western Indonesia Time) - {\"name\":\"Data not found\",\"statusCode\":500,\"isOperational\":true}","private":true,"timestamp":"2024-07-14T07:51:05.011Z"}
{"level":"error","message":"Mon Jul 15 2024 12:43:56 GMT+0700 (Western Indonesia Time) - {\"name\":\"Data not found\",\"statusCode\":{},\"isOperational\":true}","private":true,"timestamp":"2024-07-15T05:43:56.246Z"}
{"level":"error","message":"Mon Jul 15 2024 12:43:56 GMT+0700 (Western Indonesia Time) - {\"code\":\"ERR_HTTP_INVALID_STATUS_CODE\"}","private":true,"timestamp":"2024-07-15T05:43:56.250Z"}
{"level":"error","message":"Tue Jul 16 2024 12:52:28 GMT+0700 (Western Indonesia Time) - {}","private":true,"timestamp":"2024-07-16T05:52:28.982Z"}
{"level":"error","message":"Tue Jul 16 2024 12:52:31 GMT+0700 (Western Indonesia Time) - {}","private":true,"timestamp":"2024-07-16T05:52:31.585Z"}
{"level":"error","message":"Tue Jul 16 2024 12:52:33 GMT+0700 (Western Indonesia Time) - {}","private":true,"timestamp":"2024-07-16T05:52:33.704Z"}
{"level":"error","message":"Tue Jul 16 2024 12:52:42 GMT+0700 (Western Indonesia Time) - {}","private":true,"timestamp":"2024-07-16T05:52:42.562Z"}
{"level":"error","message":"Tue Jul 16 2024 12:53:13 GMT+0700 (Western Indonesia Time) - {}","private":true,"timestamp":"2024-07-16T05:53:13.944Z"}
{"level":"error","message":"Tue Jul 16 2024 12:53:21 GMT+0700 (Western Indonesia Time) - {}","private":true,"timestamp":"2024-07-16T05:53:21.624Z"}
{"level":"error","message":"Tue Jul 16 2024 12:58:17 GMT+0700 (Western Indonesia Time) - {}","private":true,"timestamp":"2024-07-16T05:58:17.192Z"}
{"level":"error","message":"Tue Jul 16 2024 13:02:41 GMT+0700 (Western Indonesia Time) - {\"name\":\"Data Not found\",\"statusCode\":{\"name\":\"API Error\",\"statusCode\":500,\"isOperational\":true},\"isOperational\":true}","private":true,"timestamp":"2024-07-16T06:02:41.505Z"}
{"level":"error","message":"Tue Jul 16 2024 13:02:41 GMT+0700 (Western Indonesia Time) - {\"code\":\"ERR_HTTP_INVALID_STATUS_CODE\"}","private":true,"timestamp":"2024-07-16T06:02:41.510Z"}
{"level":"error","message":"Tue Jul 16 2024 13:51:35 GMT+0700 (Western Indonesia Time) - {\"name\":\"Data Not found\",\"statusCode\":{\"name\":\"API Error\",\"statusCode\":500,\"isOperational\":true},\"isOperational\":true}","private":true,"timestamp":"2024-07-16T06:51:35.610Z"}
{"level":"error","message":"Tue Jul 16 2024 13:51:35 GMT+0700 (Western Indonesia Time) - {\"code\":\"ERR_HTTP_INVALID_STATUS_CODE\"}","private":true,"timestamp":"2024-07-16T06:51:35.621Z"}
{"level":"error","message":"Tue Jul 16 2024 13:54:08 GMT+0700 (Western Indonesia Time) - {\"name\":\"Data Not found\",\"statusCode\":{\"name\":\"API Error\",\"statusCode\":500,\"isOperational\":true},\"isOperational\":true}","private":true,"timestamp":"2024-07-16T06:54:08.452Z"}
{"level":"error","message":"Tue Jul 16 2024 13:54:08 GMT+0700 (Western Indonesia Time) - {\"code\":\"ERR_HTTP_INVALID_STATUS_CODE\"}","private":true,"timestamp":"2024-07-16T06:54:08.457Z"}
{"level":"error","message":"Tue Jul 16 2024 14:44:24 GMT+0700 (Western Indonesia Time) - {\"name\":\"Data Not found\",\"statusCode\":{\"name\":\"API Error\",\"statusCode\":500,\"isOperational\":true},\"isOperational\":true}","private":true,"timestamp":"2024-07-16T07:44:24.534Z"}
{"level":"error","message":"Tue Jul 16 2024 14:44:24 GMT+0700 (Western Indonesia Time) - {\"code\":\"ERR_HTTP_INVALID_STATUS_CODE\"}","private":true,"timestamp":"2024-07-16T07:44:24.542Z"}
{"level":"error","message":"Tue Jul 16 2024 14:46:36 GMT+0700 (Western Indonesia Time) - {\"name\":\"Data Not found\",\"statusCode\":{\"name\":\"API Error\",\"statusCode\":500,\"isOperational\":true},\"isOperational\":true}","private":true,"timestamp":"2024-07-16T07:46:36.342Z"}
{"level":"error","message":"Tue Jul 16 2024 14:46:36 GMT+0700 (Western Indonesia Time) - {\"code\":\"ERR_HTTP_INVALID_STATUS_CODE\"}","private":true,"timestamp":"2024-07-16T07:46:36.347Z"}
{"level":"error","message":"Tue Jul 16 2024 14:53:23 GMT+0700 (Western Indonesia Time) - {}","private":true,"timestamp":"2024-07-16T07:53:23.816Z"}
{"level":"error","message":"Tue Jul 16 2024 14:53:23 GMT+0700 (Western Indonesia Time) - {\"code\":\"ERR_HTTP_INVALID_STATUS_CODE\"}","private":true,"timestamp":"2024-07-16T07:53:23.821Z"}
{"level":"error","message":"2024-07-16T07:55:38.673Z - {\"name\":\"ReferenceError\",\"message\":\"customerService is not defined\",\"stack\":\"ReferenceError: customerService is not defined\\n    at /Users/user/Developments/Project/online-shop/online-shop-monolithic/src/api/products.js:80:30\\n    at process.processTicksAndRejections (node:internal/process/task_queues:95:5)\"}","private":true,"timestamp":"2024-07-16T07:55:38.680Z"}
{"level":"error","message":"2024-07-16T07:55:38.688Z - {\"name\":\"RangeError\",\"message\":\"Invalid status code: undefined\",\"stack\":\"RangeError [ERR_HTTP_INVALID_STATUS_CODE]: Invalid status code: undefined\\n    at ServerResponse.writeHead (node:_http_server:352:11)\\n    at ServerResponse._implicitHeader (node:_http_server:338:8)\\n    at write_ (node:_http_outgoing:989:9)\\n    at ServerResponse.end (node:_http_outgoing:1106:5)\\n    at ServerResponse.send (/Users/user/Developments/Project/online-shop/online-shop-monolithic/node_modules/express/lib/response.js:233:10)\\n    at ServerResponse.json (/Users/user/Developments/Project/online-shop/online-shop-monolithic/node_modules/express/lib/response.js:279:15)\\n    at ErrorHandler (/Users/user/Developments/Project/online-shop/online-shop-monolithic/src/utils/error-handler.js:77:43)\\n    at process.processTicksAndRejections (node:internal/process/task_queues:95:5)\",\"code\":\"ERR_HTTP_INVALID_STATUS_CODE\"}","private":true,"timestamp":"2024-07-16T07:55:38.688Z"}
{"level":"error","message":"Wed Jul 17 2024 04:45:53 GMT+0700 (Western Indonesia Time) - {}","private":true,"timestamp":"2024-07-16T21:45:53.068Z"}
{"level":"error","message":"Wed Jul 17 2024 13:58:33 GMT+0700 (Western Indonesia Time) - {\"name\":\"Data Not found\",\"statusCode\":{},\"isOperational\":true}","private":true,"timestamp":"2024-07-17T06:58:33.854Z"}
{"level":"error","message":"Wed Jul 17 2024 13:58:33 GMT+0700 (Western Indonesia Time) - {\"code\":\"ERR_HTTP_INVALID_STATUS_CODE\"}","private":true,"timestamp":"2024-07-17T06:58:33.860Z"}
{"level":"error","message":"Wed Jul 17 2024 14:00:24 GMT+0700 (Western Indonesia Time) - {\"name\":\"Data Not found\",\"statusCode\":{\"name\":\"API Error\",\"statusCode\":500,\"isOperational\":true},\"isOperational\":true}","private":true,"timestamp":"2024-07-17T07:00:24.461Z"}
{"level":"error","message":"Wed Jul 17 2024 14:00:24 GMT+0700 (Western Indonesia Time) - {\"code\":\"ERR_HTTP_INVALID_STATUS_CODE\"}","private":true,"timestamp":"2024-07-17T07:00:24.464Z"}
{"level":"error","message":"Wed Jul 17 2024 14:06:26 GMT+0700 (Western Indonesia Time) - {\"name\":\"Data Not found\",\"statusCode\":{\"name\":\"API Error\",\"statusCode\":500,\"isOperational\":true},\"isOperational\":true}","private":true,"timestamp":"2024-07-17T07:06:26.842Z"}
{"level":"error","message":"Wed Jul 17 2024 14:06:26 GMT+0700 (Western Indonesia Time) - {\"code\":\"ERR_HTTP_INVALID_STATUS_CODE\"}","private":true,"timestamp":"2024-07-17T07:06:26.848Z"}
{"level":"error","message":"Wed Jul 17 2024 14:07:25 GMT+0700 (Western Indonesia Time) - {\"name\":\"Data Not found\",\"statusCode\":{\"name\":\"API Error\",\"statusCode\":500,\"isOperational\":true},\"isOperational\":true}","private":true,"timestamp":"2024-07-17T07:07:25.795Z"}
{"level":"error","message":"Wed Jul 17 2024 14:07:25 GMT+0700 (Western Indonesia Time) - {\"code\":\"ERR_HTTP_INVALID_STATUS_CODE\"}","private":true,"timestamp":"2024-07-17T07:07:25.798Z"}
{"level":"error","message":"Wed Jul 17 2024 14:11:25 GMT+0700 (Western Indonesia Time) - {\"name\":\"Data Not found\",\"statusCode\":{\"name\":\"API Error\",\"statusCode\":500,\"isOperational\":true},\"isOperational\":true}","private":true,"timestamp":"2024-07-17T07:11:25.207Z"}
{"level":"error","message":"Wed Jul 17 2024 14:11:25 GMT+0700 (Western Indonesia Time) - {\"code\":\"ERR_HTTP_INVALID_STATUS_CODE\"}","private":true,"timestamp":"2024-07-17T07:11:25.212Z"}
{"level":"error","message":"Wed Jul 17 2024 14:15:11 GMT+0700 (Western Indonesia Time) - {}","private":true,"timestamp":"2024-07-17T07:15:11.752Z"}
{"level":"error","message":"Wed Jul 17 2024 14:15:13 GMT+0700 (Western Indonesia Time) - {}","private":true,"timestamp":"2024-07-17T07:15:13.343Z"}
{"level":"error","message":"Wed Jul 17 2024 14:15:16 GMT+0700 (Western Indonesia Time) - {}","private":true,"timestamp":"2024-07-17T07:15:16.418Z"}
{"level":"error","message":"Fri Jul 19 2024 06:15:29 GMT+0700 (Western Indonesia Time) - {\"name\":\"Data Not found\",\"statusCode\":{},\"isOperational\":true}","private":true,"timestamp":"2024-07-18T23:15:29.106Z"}
{"level":"error","message":"Fri Jul 19 2024 06:15:29 GMT+0700 (Western Indonesia Time) - {\"code\":\"ERR_HTTP_INVALID_STATUS_CODE\"}","private":true,"timestamp":"2024-07-18T23:15:29.111Z"}
{"level":"error","message":"Fri Jul 19 2024 06:19:33 GMT+0700 (Western Indonesia Time) - {\"name\":\"Data Not found\",\"statusCode\":{},\"isOperational\":true}","private":true,"timestamp":"2024-07-18T23:19:33.710Z"}
{"level":"error","message":"Fri Jul 19 2024 06:19:33 GMT+0700 (Western Indonesia Time) - {\"code\":\"ERR_HTTP_INVALID_STATUS_CODE\"}","private":true,"timestamp":"2024-07-18T23:19:33.715Z"}
{"level":"error","message":"Fri Jul 19 2024 06:20:13 GMT+0700 (Western Indonesia Time) - {\"name\":\"Data Not found\",\"statusCode\":{\"name\":\"API Error\",\"statusCode\":500,\"isOperational\":true},\"isOperational\":true}","private":true,"timestamp":"2024-07-18T23:20:13.054Z"}
{"level":"error","message":"Fri Jul 19 2024 06:20:13 GMT+0700 (Western Indonesia Time) - {\"code\":\"ERR_HTTP_INVALID_STATUS_CODE\"}","private":true,"timestamp":"2024-07-18T23:20:13.059Z"}
{"level":"error","message":"Fri Jul 19 2024 06:20:24 GMT+0700 (Western Indonesia Time) - {\"name\":\"Data Not found\",\"statusCode\":{\"name\":\"API Error\",\"statusCode\":500,\"isOperational\":true},\"isOperational\":true}","private":true,"timestamp":"2024-07-18T23:20:24.866Z"}
{"level":"error","message":"Fri Jul 19 2024 06:20:24 GMT+0700 (Western Indonesia Time) - {\"code\":\"ERR_HTTP_INVALID_STATUS_CODE\"}","private":true,"timestamp":"2024-07-18T23:20:24.871Z"}
{"level":"error","message":"Fri Jul 19 2024 06:23:37 GMT+0700 (Western Indonesia Time) - {\"name\":\"Data Not found\",\"statusCode\":{\"name\":\"API Error\",\"statusCode\":500,\"isOperational\":true},\"isOperational\":true}","private":true,"timestamp":"2024-07-18T23:23:37.260Z"}
{"level":"error","message":"Fri Jul 19 2024 06:23:37 GMT+0700 (Western Indonesia Time) - {\"code\":\"ERR_HTTP_INVALID_STATUS_CODE\"}","private":true,"timestamp":"2024-07-18T23:23:37.268Z"}
{"level":"error","message":"Fri Jul 19 2024 06:32:02 GMT+0700 (Western Indonesia Time) - {\"name\":\"Data Not found\",\"statusCode\":{},\"isOperational\":true}","private":true,"timestamp":"2024-07-18T23:32:02.869Z"}
{"level":"error","message":"Fri Jul 19 2024 06:32:02 GMT+0700 (Western Indonesia Time) - {\"code\":\"ERR_HTTP_INVALID_STATUS_CODE\"}","private":true,"timestamp":"2024-07-18T23:32:02.875Z"}
{"level":"error","message":"Fri Jul 19 2024 06:35:41 GMT+0700 (Western Indonesia Time) - {\"name\":\"Data Not found\",\"statusCode\":{\"name\":\"API Error\",\"statusCode\":500,\"isOperational\":true},\"isOperational\":true}","private":true,"timestamp":"2024-07-18T23:35:41.335Z"}
{"level":"error","message":"Fri Jul 19 2024 06:35:41 GMT+0700 (Western Indonesia Time) - {\"code\":\"ERR_HTTP_INVALID_STATUS_CODE\"}","private":true,"timestamp":"2024-07-18T23:35:41.341Z"}
{"level":"error","message":"Fri Jul 19 2024 06:35:59 GMT+0700 (Western Indonesia Time) - {\"name\":\"Data Not found\",\"statusCode\":{\"name\":\"API Error\",\"statusCode\":500,\"isOperational\":true},\"isOperational\":true}","private":true,"timestamp":"2024-07-18T23:35:59.672Z"}
{"level":"error","message":"Fri Jul 19 2024 06:35:59 GMT+0700 (Western Indonesia Time) - {\"code\":\"ERR_HTTP_INVALID_STATUS_CODE\"}","private":true,"timestamp":"2024-07-18T23:35:59.677Z"}
{"level":"error","message":"Fri Jul 19 2024 06:37:32 GMT+0700 (Western Indonesia Time) - {\"name\":\"Data Not found\",\"statusCode\":{\"name\":\"API Error\",\"statusCode\":500,\"isOperational\":true},\"isOperational\":true}","private":true,"timestamp":"2024-07-18T23:37:32.095Z"}
{"level":"error","message":"Fri Jul 19 2024 06:37:32 GMT+0700 (Western Indonesia Time) - {\"code\":\"ERR_HTTP_INVALID_STATUS_CODE\"}","private":true,"timestamp":"2024-07-18T23:37:32.099Z"}
{"level":"error","message":"Fri Jul 19 2024 20:49:13 GMT+0700 (Western Indonesia Time) - {\"name\":\"Data Not found\",\"statusCode\":{\"name\":\"API Error\",\"statusCode\":500,\"isOperational\":true},\"isOperational\":true}","private":true,"timestamp":"2024-07-19T13:49:13.594Z"}
{"level":"error","message":"Fri Jul 19 2024 20:49:13 GMT+0700 (Western Indonesia Time) - {\"code\":\"ERR_HTTP_INVALID_STATUS_CODE\"}","private":true,"timestamp":"2024-07-19T13:49:13.611Z"}
{"level":"error","message":"Fri Jul 19 2024 20:51:32 GMT+0700 (Western Indonesia Time) - {\"name\":\"Data Not found\",\"statusCode\":{\"name\":\"API Error\",\"statusCode\":500,\"isOperational\":true},\"isOperational\":true}","private":true,"timestamp":"2024-07-19T13:51:32.484Z"}
{"level":"error","message":"Fri Jul 19 2024 20:51:32 GMT+0700 (Western Indonesia Time) - {\"code\":\"ERR_HTTP_INVALID_STATUS_CODE\"}","private":true,"timestamp":"2024-07-19T13:51:32.489Z"}
{"level":"error","message":"Fri Jul 19 2024 20:52:34 GMT+0700 (Western Indonesia Time) - {\"name\":\"Data Not found\",\"statusCode\":{},\"isOperational\":true}","private":true,"timestamp":"2024-07-19T13:52:34.442Z"}
{"level":"error","message":"Fri Jul 19 2024 20:52:34 GMT+0700 (Western Indonesia Time) - {\"code\":\"ERR_HTTP_INVALID_STATUS_CODE\"}","private":true,"timestamp":"2024-07-19T13:52:34.446Z"}
{"level":"error","message":"Fri Jul 19 2024 20:54:05 GMT+0700 (Western Indonesia Time) - {}","private":true,"timestamp":"2024-07-19T13:54:05.848Z"}
{"level":"error","message":"Fri Jul 19 2024 20:54:05 GMT+0700 (Western Indonesia Time) - {\"code\":\"ERR_HTTP_INVALID_STATUS_CODE\"}","private":true,"timestamp":"2024-07-19T13:54:05.853Z"}
{"level":"error","message":"Fri Jul 19 2024 20:54:45 GMT+0700 (Western Indonesia Time) - {\"name\":\"Data Not found\",\"statusCode\":{\"name\":\"API Error\",\"statusCode\":500,\"isOperational\":true},\"isOperational\":true}","private":true,"timestamp":"2024-07-19T13:54:45.416Z"}
{"level":"error","message":"Fri Jul 19 2024 20:54:45 GMT+0700 (Western Indonesia Time) - {\"code\":\"ERR_HTTP_INVALID_STATUS_CODE\"}","private":true,"timestamp":"2024-07-19T13:54:45.420Z"}
{"level":"error","message":"Fri Jul 19 2024 20:56:21 GMT+0700 (Western Indonesia Time) - {\"name\":\"Data Not found\",\"statusCode\":{\"name\":\"API Error\",\"statusCode\":500,\"isOperational\":true},\"isOperational\":true}","private":true,"timestamp":"2024-07-19T13:56:21.093Z"}
{"level":"error","message":"Fri Jul 19 2024 20:56:21 GMT+0700 (Western Indonesia Time) - {\"code\":\"ERR_HTTP_INVALID_STATUS_CODE\"}","private":true,"timestamp":"2024-07-19T13:56:21.102Z"}
{"level":"error","message":"Fri Jul 19 2024 20:57:43 GMT+0700 (Western Indonesia Time) - {\"name\":\"Data Not found\",\"statusCode\":{\"name\":\"API Error\",\"statusCode\":500,\"isOperational\":true},\"isOperational\":true}","private":true,"timestamp":"2024-07-19T13:57:43.231Z"}
{"level":"error","message":"Fri Jul 19 2024 20:57:43 GMT+0700 (Western Indonesia Time) - {\"code\":\"ERR_HTTP_INVALID_STATUS_CODE\"}","private":true,"timestamp":"2024-07-19T13:57:43.237Z"}
{"level":"error","message":"Fri Jul 19 2024 20:58:40 GMT+0700 (Western Indonesia Time) - {\"name\":\"Data Not found\",\"statusCode\":{},\"isOperational\":true}","private":true,"timestamp":"2024-07-19T13:58:40.522Z"}
{"level":"error","message":"Fri Jul 19 2024 20:58:40 GMT+0700 (Western Indonesia Time) - {\"code\":\"ERR_HTTP_INVALID_STATUS_CODE\"}","private":true,"timestamp":"2024-07-19T13:58:40.528Z"}
{"level":"error","message":"Fri Jul 19 2024 21:17:48 GMT+0700 (Western Indonesia Time) - {\"name\":\"Data Not found\",\"statusCode\":{\"name\":\"API Error\",\"statusCode\":500,\"isOperational\":true},\"isOperational\":true}","private":true,"timestamp":"2024-07-19T14:17:48.987Z"}
{"level":"error","message":"Fri Jul 19 2024 21:17:48 GMT+0700 (Western Indonesia Time) - {\"code\":\"ERR_HTTP_INVALID_STATUS_CODE\"}","private":true,"timestamp":"2024-07-19T14:17:48.994Z"}
{"level":"error","message":"Sat Jul 20 2024 06:04:57 GMT+0700 (Western Indonesia Time) - {\"name\":\"Data Not found\",\"statusCode\":{\"name\":\"API Error\",\"statusCode\":500,\"isOperational\":true},\"isOperational\":true}","private":true,"timestamp":"2024-07-19T23:04:57.618Z"}
{"level":"error","message":"Sat Jul 20 2024 06:04:57 GMT+0700 (Western Indonesia Time) - {\"code\":\"ERR_HTTP_INVALID_STATUS_CODE\"}","private":true,"timestamp":"2024-07-19T23:04:57.623Z"}
{"level":"error","message":"Sat Jul 20 2024 07:54:45 GMT+0700 (Western Indonesia Time) - {}","private":true,"timestamp":"2024-07-20T00:54:45.875Z"}
{"level":"error","message":"Sat Jul 20 2024 07:54:45 GMT+0700 (Western Indonesia Time) - {}","private":true,"timestamp":"2024-07-20T00:54:45.878Z"}
{"level":"error","message":"Sat Jul 20 2024 07:54:45 GMT+0700 (Western Indonesia Time) - {}","private":true,"timestamp":"2024-07-20T00:54:45.879Z"}
{"level":"error","message":"Sat Jul 20 2024 07:56:26 GMT+0700 (Western Indonesia Time) - {\"name\":\"Data Not found\",\"statusCode\":{\"name\":\"API Error\",\"statusCode\":500,\"isOperational\":true},\"isOperational\":true}","private":true,"timestamp":"2024-07-20T00:56:26.532Z"}
{"level":"error","message":"Sat Jul 20 2024 07:56:26 GMT+0700 (Western Indonesia Time) - {\"code\":\"ERR_HTTP_INVALID_STATUS_CODE\"}","private":true,"timestamp":"2024-07-20T00:56:26.537Z"}
{"level":"error","message":"Sat Jul 20 2024 07:56:55 GMT+0700 (Western Indonesia Time) - {\"name\":\"Data Not found\",\"statusCode\":{\"name\":\"API Error\",\"statusCode\":500,\"isOperational\":true},\"isOperational\":true}","private":true,"timestamp":"2024-07-20T00:56:55.844Z"}
{"level":"error","message":"Sat Jul 20 2024 07:56:55 GMT+0700 (Western Indonesia Time) - {\"code\":\"ERR_HTTP_INVALID_STATUS_CODE\"}","private":true,"timestamp":"2024-07-20T00:56:55.850Z"}
{"level":"error","message":"Sat Jul 20 2024 08:08:44 GMT+0700 (Western Indonesia Time) - {}","private":true,"timestamp":"2024-07-20T01:08:44.637Z"}
{"level":"error","message":"Sat Jul 20 2024 08:08:44 GMT+0700 (Western Indonesia Time) - {\"code\":\"ERR_HTTP_INVALID_STATUS_CODE\"}","private":true,"timestamp":"2024-07-20T01:08:44.641Z"}
{"level":"error","message":"Sat Jul 20 2024 08:09:16 GMT+0700 (Western Indonesia Time) - {\"name\":\"Data Not found\",\"statusCode\":{\"name\":\"API Error\",\"statusCode\":500,\"isOperational\":true},\"isOperational\":true}","private":true,"timestamp":"2024-07-20T01:09:16.940Z"}
{"level":"error","message":"Sat Jul 20 2024 08:09:16 GMT+0700 (Western Indonesia Time) - {\"code\":\"ERR_HTTP_INVALID_STATUS_CODE\"}","private":true,"timestamp":"2024-07-20T01:09:16.945Z"}
{"level":"error","message":"Sat Jul 20 2024 08:09:53 GMT+0700 (Western Indonesia Time) - {\"name\":\"Data Not found\",\"statusCode\":{},\"isOperational\":true}","private":true,"timestamp":"2024-07-20T01:09:53.089Z"}
{"level":"error","message":"Sat Jul 20 2024 08:09:53 GMT+0700 (Western Indonesia Time) - {\"code\":\"ERR_HTTP_INVALID_STATUS_CODE\"}","private":true,"timestamp":"2024-07-20T01:09:53.093Z"}
{"level":"error","message":"Sat Jul 20 2024 08:10:21 GMT+0700 (Western Indonesia Time) - {\"name\":\"Data Not found\",\"statusCode\":{\"name\":\"API Error\",\"statusCode\":500,\"isOperational\":true},\"isOperational\":true}","private":true,"timestamp":"2024-07-20T01:10:21.360Z"}
{"level":"error","message":"Sat Jul 20 2024 08:10:21 GMT+0700 (Western Indonesia Time) - {\"code\":\"ERR_HTTP_INVALID_STATUS_CODE\"}","private":true,"timestamp":"2024-07-20T01:10:21.365Z"}
{"level":"error","message":"Sat Jul 20 2024 08:10:54 GMT+0700 (Western Indonesia Time) - {\"name\":\"Data Not found\",\"statusCode\":{\"name\":\"API Error\",\"statusCode\":500,\"isOperational\":true},\"isOperational\":true}","private":true,"timestamp":"2024-07-20T01:10:54.146Z"}
{"level":"error","message":"Sat Jul 20 2024 08:10:54 GMT+0700 (Western Indonesia Time) - {\"code\":\"ERR_HTTP_INVALID_STATUS_CODE\"}","private":true,"timestamp":"2024-07-20T01:10:54.150Z"}
{"level":"error","message":"Sat Jul 20 2024 08:12:43 GMT+0700 (Western Indonesia Time) - {\"name\":\"Data Not found\",\"statusCode\":{\"name\":\"API Error\",\"statusCode\":500,\"isOperational\":true},\"isOperational\":true}","private":true,"timestamp":"2024-07-20T01:12:43.666Z"}
{"level":"error","message":"Sat Jul 20 2024 08:12:43 GMT+0700 (Western Indonesia Time) - {\"code\":\"ERR_HTTP_INVALID_STATUS_CODE\"}","private":true,"timestamp":"2024-07-20T01:12:43.674Z"}
{"level":"error","message":"Sat Jul 20 2024 08:13:13 GMT+0700 (Western Indonesia Time) - {\"name\":\"Data Not found\",\"statusCode\":{\"name\":\"API Error\",\"statusCode\":500,\"isOperational\":true},\"isOperational\":true}","private":true,"timestamp":"2024-07-20T01:13:13.910Z"}
{"level":"error","message":"Sat Jul 20 2024 08:13:13 GMT+0700 (Western Indonesia Time) - {\"code\":\"ERR_HTTP_INVALID_STATUS_CODE\"}","private":true,"timestamp":"2024-07-20T01:13:13.915Z"}
{"level":"error","message":"Sat Jul 20 2024 08:15:51 GMT+0700 (Western Indonesia Time) - {\"name\":\"Data Not found\",\"statusCode\":{\"name\":\"API Error\",\"statusCode\":500,\"isOperational\":true},\"isOperational\":true}","private":true,"timestamp":"2024-07-20T01:15:51.116Z"}
{"level":"error","message":"Sat Jul 20 2024 08:15:51 GMT+0700 (Western Indonesia Time) - {\"code\":\"ERR_HTTP_INVALID_STATUS_CODE\"}","private":true,"timestamp":"2024-07-20T01:15:51.122Z"}
{"level":"error","message":"Sat Jul 20 2024 08:16:35 GMT+0700 (Western Indonesia Time) - {\"name\":\"Data Not found\",\"statusCode\":{\"name\":\"API Error\",\"statusCode\":500,\"isOperational\":true},\"isOperational\":true}","private":true,"timestamp":"2024-07-20T01:16:35.836Z"}
{"level":"error","message":"Sat Jul 20 2024 08:16:35 GMT+0700 (Western Indonesia Time) - {\"code\":\"ERR_HTTP_INVALID_STATUS_CODE\"}","private":true,"timestamp":"2024-07-20T01:16:35.841Z"}
{"level":"error","message":"Sat Jul 20 2024 08:17:16 GMT+0700 (Western Indonesia Time) - {\"name\":\"Data Not found\",\"statusCode\":{\"name\":\"API Error\",\"statusCode\":500,\"isOperational\":true},\"isOperational\":true}","private":true,"timestamp":"2024-07-20T01:17:16.371Z"}
{"level":"error","message":"Sat Jul 20 2024 08:17:16 GMT+0700 (Western Indonesia Time) - {\"code\":\"ERR_HTTP_INVALID_STATUS_CODE\"}","private":true,"timestamp":"2024-07-20T01:17:16.374Z"}
{"level":"error","message":"Sat Jul 20 2024 08:18:19 GMT+0700 (Western Indonesia Time) - {\"name\":\"Data Not found\",\"statusCode\":{\"name\":\"API Error\",\"statusCode\":500,\"isOperational\":true},\"isOperational\":true}","private":true,"timestamp":"2024-07-20T01:18:19.588Z"}
{"level":"error","message":"Sat Jul 20 2024 08:18:19 GMT+0700 (Western Indonesia Time) - {\"code\":\"ERR_HTTP_INVALID_STATUS_CODE\"}","private":true,"timestamp":"2024-07-20T01:18:19.595Z"}
{"level":"error","message":"Sat Jul 20 2024 08:18:51 GMT+0700 (Western Indonesia Time) - {\"name\":\"Data Not found\",\"statusCode\":{\"name\":\"API Error\",\"statusCode\":500,\"isOperational\":true},\"isOperational\":true}","private":true,"timestamp":"2024-07-20T01:18:51.011Z"}
{"level":"error","message":"Sat Jul 20 2024 08:18:51 GMT+0700 (Western Indonesia Time) - {\"code\":\"ERR_HTTP_INVALID_STATUS_CODE\"}","private":true,"timestamp":"2024-07-20T01:18:51.020Z"}
{"level":"error","message":"Sat Jul 20 2024 08:19:11 GMT+0700 (Western Indonesia Time) - {\"name\":\"Data Not found\",\"statusCode\":{\"name\":\"API Error\",\"statusCode\":500,\"isOperational\":true},\"isOperational\":true}","private":true,"timestamp":"2024-07-20T01:19:11.004Z"}
{"level":"error","message":"Sat Jul 20 2024 08:19:11 GMT+0700 (Western Indonesia Time) - {\"code\":\"ERR_HTTP_INVALID_STATUS_CODE\"}","private":true,"timestamp":"2024-07-20T01:19:11.009Z"}
{"level":"error","message":"Sat Jul 20 2024 08:20:07 GMT+0700 (Western Indonesia Time) - {\"name\":\"Data Not found\",\"statusCode\":{\"name\":\"API Error\",\"statusCode\":500,\"isOperational\":true},\"isOperational\":true}","private":true,"timestamp":"2024-07-20T01:20:07.018Z"}
{"level":"error","message":"Sat Jul 20 2024 08:20:07 GMT+0700 (Western Indonesia Time) - {\"code\":\"ERR_HTTP_INVALID_STATUS_CODE\"}","private":true,"timestamp":"2024-07-20T01:20:07.024Z"}
{"level":"error","message":"Sat Jul 20 2024 08:27:29 GMT+0700 (Western Indonesia Time) - {\"name\":\"Data Not found\",\"statusCode\":{\"name\":\"API Error\",\"statusCode\":500,\"isOperational\":true},\"isOperational\":true}","private":true,"timestamp":"2024-07-20T01:27:29.304Z"}
{"level":"error","message":"Sat Jul 20 2024 08:27:29 GMT+0700 (Western Indonesia Time) - {\"code\":\"ERR_HTTP_INVALID_STATUS_CODE\"}","private":true,"timestamp":"2024-07-20T01:27:29.310Z"}
{"level":"error","message":"Sat Jul 20 2024 08:47:14 GMT+0700 (Western Indonesia Time) - {\"name\":\"Data Not found\",\"statusCode\":{\"name\":\"API Error\",\"statusCode\":500,\"isOperational\":true},\"isOperational\":true}","private":true,"timestamp":"2024-07-20T01:47:14.410Z"}
{"level":"error","message":"Sat Jul 20 2024 08:47:14 GMT+0700 (Western Indonesia Time) - {\"code\":\"ERR_HTTP_INVALID_STATUS_CODE\"}","private":true,"timestamp":"2024-07-20T01:47:14.415Z"}
